2025/09/09 04:37:48 [warn] 1#1: the "listen ... http2" directive is deprecated, use the "http2" directive instead in /etc/nginx/nginx.conf:118
2025/09/09 04:37:48 [warn] 1#1: the "listen ... http2" directive is deprecated, use the "http2" directive instead in /etc/nginx/nginx.conf:119
2025/09/09 04:37:48 [warn] 1#1: the "listen ... http2" directive is deprecated, use the "http2" directive instead in /etc/nginx/nginx.conf:227
2025/09/09 04:37:48 [warn] 1#1: the "listen ... http2" directive is deprecated, use the "http2" directive instead in /etc/nginx/nginx.conf:228
2025/09/09 04:37:48 [warn] 1#1: the "listen ... http2" directive is deprecated, use the "http2" directive instead in /etc/nginx/nginx.conf:333
2025/09/09 04:37:48 [warn] 1#1: the "listen ... http2" directive is deprecated, use the "http2" directive instead in /etc/nginx/nginx.conf:334
2025/09/09 04:37:48 [warn] 1#1: protocol options redefined for 0.0.0.0:443 in /etc/nginx/nginx.conf:363
2025/09/09 04:37:48 [warn] 1#1: protocol options redefined for [::]:443 in /etc/nginx/nginx.conf:364
2025/09/09 04:37:48 [emerg] 1#1: host not found in upstream "grafana" in /etc/nginx/nginx.conf:347
2025/09/09 04:37:57 [warn] 1#1: the "listen ... http2" directive is deprecated, use the "http2" directive instead in /etc/nginx/nginx.conf:118
2025/09/09 04:37:57 [warn] 1#1: the "listen ... http2" directive is deprecated, use the "http2" directive instead in /etc/nginx/nginx.conf:119
2025/09/09 04:37:57 [warn] 1#1: the "listen ... http2" directive is deprecated, use the "http2" directive instead in /etc/nginx/nginx.conf:227
2025/09/09 04:37:57 [warn] 1#1: the "listen ... http2" directive is deprecated, use the "http2" directive instead in /etc/nginx/nginx.conf:228
2025/09/09 04:37:57 [warn] 1#1: the "listen ... http2" directive is deprecated, use the "http2" directive instead in /etc/nginx/nginx.conf:333
2025/09/09 04:37:57 [warn] 1#1: the "listen ... http2" directive is deprecated, use the "http2" directive instead in /etc/nginx/nginx.conf:334
2025/09/09 04:37:57 [warn] 1#1: protocol options redefined for 0.0.0.0:443 in /etc/nginx/nginx.conf:363
2025/09/09 04:37:57 [warn] 1#1: protocol options redefined for [::]:443 in /etc/nginx/nginx.conf:364
2025/09/09 04:37:57 [emerg] 1#1: host not found in upstream "grafana" in /etc/nginx/nginx.conf:347
2025/09/09 04:38:05 [emerg] 1#1: host not found in upstream "backend:9000" in /etc/nginx/nginx.conf:95
2025/09/09 04:38:14 [emerg] 1#1: host not found in upstream "backend:9000" in /etc/nginx/nginx.conf:95
2025/09/09 04:38:22 [emerg] 1#1: host not found in upstream "backend:9000" in /etc/nginx/nginx.conf:95
2025/09/09 04:38:30 [emerg] 1#1: host not found in upstream "backend:9000" in /etc/nginx/nginx.conf:95
2025/09/09 04:38:39 [emerg] 1#1: host not found in upstream "backend:9000" in /etc/nginx/nginx.conf:95
2025/09/09 04:38:51 [emerg] 1#1: host not found in upstream "backend:9000" in /etc/nginx/nginx.conf:95
2025/09/09 04:39:09 [emerg] 1#1: host not found in upstream "backend:9000" in /etc/nginx/nginx.conf:95
2025/09/09 04:39:41 [emerg] 1#1: host not found in upstream "backend:9000" in /etc/nginx/nginx.conf:95
2025/09/09 04:40:38 [emerg] 1#1: host not found in upstream "backend:9000" in /etc/nginx/nginx.conf:95
2025/09/09 04:41:44 [emerg] 1#1: host not found in upstream "backend:9000" in /etc/nginx/nginx.conf:95
2025/09/09 04:42:50 [emerg] 1#1: host not found in upstream "backend:9000" in /etc/nginx/nginx.conf:95
2025/09/09 04:43:11 [warn] 1#1: the "listen ... http2" directive is deprecated, use the "http2" directive instead in /etc/nginx/nginx.conf:118
2025/09/09 04:43:11 [warn] 1#1: the "listen ... http2" directive is deprecated, use the "http2" directive instead in /etc/nginx/nginx.conf:119
2025/09/09 04:43:11 [warn] 1#1: the "listen ... http2" directive is deprecated, use the "http2" directive instead in /etc/nginx/nginx.conf:227
2025/09/09 04:43:11 [warn] 1#1: the "listen ... http2" directive is deprecated, use the "http2" directive instead in /etc/nginx/nginx.conf:228
2025/09/09 04:43:11 [warn] 1#1: the "listen ... http2" directive is deprecated, use the "http2" directive instead in /etc/nginx/nginx.conf:333
2025/09/09 04:43:11 [warn] 1#1: the "listen ... http2" directive is deprecated, use the "http2" directive instead in /etc/nginx/nginx.conf:334
2025/09/09 04:43:11 [warn] 1#1: protocol options redefined for 0.0.0.0:443 in /etc/nginx/nginx.conf:363
2025/09/09 04:43:11 [warn] 1#1: protocol options redefined for [::]:443 in /etc/nginx/nginx.conf:364
2025/09/09 04:43:11 [emerg] 1#1: host not found in upstream "grafana" in /etc/nginx/nginx.conf:347
2025/09/09 04:43:22 [warn] 1#1: the "listen ... http2" directive is deprecated, use the "http2" directive instead in /etc/nginx/nginx.conf:118
2025/09/09 04:43:22 [warn] 1#1: the "listen ... http2" directive is deprecated, use the "http2" directive instead in /etc/nginx/nginx.conf:119
2025/09/09 04:43:22 [warn] 1#1: the "listen ... http2" directive is deprecated, use the "http2" directive instead in /etc/nginx/nginx.conf:227
2025/09/09 04:43:22 [warn] 1#1: the "listen ... http2" directive is deprecated, use the "http2" directive instead in /etc/nginx/nginx.conf:228
2025/09/09 04:43:22 [warn] 1#1: the "listen ... http2" directive is deprecated, use the "http2" directive instead in /etc/nginx/nginx.conf:333
2025/09/09 04:43:22 [warn] 1#1: the "listen ... http2" directive is deprecated, use the "http2" directive instead in /etc/nginx/nginx.conf:334
2025/09/09 04:43:22 [warn] 1#1: protocol options redefined for 0.0.0.0:443 in /etc/nginx/nginx.conf:363
2025/09/09 04:43:22 [warn] 1#1: protocol options redefined for [::]:443 in /etc/nginx/nginx.conf:364
2025/09/09 04:43:22 [emerg] 1#1: host not found in upstream "grafana" in /etc/nginx/nginx.conf:347
2025/09/09 04:43:35 [emerg] 1#1: host not found in upstream "backend:9000" in /etc/nginx/nginx.conf:95
2025/09/09 04:43:43 [emerg] 1#1: host not found in upstream "backend:9000" in /etc/nginx/nginx.conf:95
2025/09/09 04:43:51 [emerg] 1#1: host not found in upstream "backend:9000" in /etc/nginx/nginx.conf:95
2025/09/09 04:44:00 [emerg] 1#1: host not found in upstream "backend:9000" in /etc/nginx/nginx.conf:95
2025/09/09 04:44:09 [emerg] 1#1: host not found in upstream "backend:9000" in /etc/nginx/nginx.conf:95
2025/09/09 04:44:20 [emerg] 1#1: host not found in upstream "backend:9000" in /etc/nginx/nginx.conf:95
2025/09/09 04:44:39 [emerg] 1#1: host not found in upstream "backend:9000" in /etc/nginx/nginx.conf:95
2025/09/09 04:45:10 [warn] 1#1: the "listen ... http2" directive is deprecated, use the "http2" directive instead in /etc/nginx/nginx.conf:118
2025/09/09 04:45:10 [warn] 1#1: the "listen ... http2" directive is deprecated, use the "http2" directive instead in /etc/nginx/nginx.conf:119
2025/09/09 04:45:10 [warn] 1#1: the "listen ... http2" directive is deprecated, use the "http2" directive instead in /etc/nginx/nginx.conf:227
2025/09/09 04:45:10 [warn] 1#1: the "listen ... http2" directive is deprecated, use the "http2" directive instead in /etc/nginx/nginx.conf:228
2025/09/09 04:45:10 [warn] 1#1: the "listen ... http2" directive is deprecated, use the "http2" directive instead in /etc/nginx/nginx.conf:333
2025/09/09 04:45:10 [warn] 1#1: the "listen ... http2" directive is deprecated, use the "http2" directive instead in /etc/nginx/nginx.conf:334
2025/09/09 04:45:10 [warn] 1#1: protocol options redefined for 0.0.0.0:443 in /etc/nginx/nginx.conf:363
2025/09/09 04:45:10 [warn] 1#1: protocol options redefined for [::]:443 in /etc/nginx/nginx.conf:364
2025/09/09 04:45:10 [emerg] 1#1: host not found in upstream "grafana" in /etc/nginx/nginx.conf:347
2025/09/09 04:46:07 [warn] 1#1: the "listen ... http2" directive is deprecated, use the "http2" directive instead in /etc/nginx/nginx.conf:118
2025/09/09 04:46:07 [warn] 1#1: the "listen ... http2" directive is deprecated, use the "http2" directive instead in /etc/nginx/nginx.conf:119
2025/09/09 04:46:07 [warn] 1#1: the "listen ... http2" directive is deprecated, use the "http2" directive instead in /etc/nginx/nginx.conf:227
2025/09/09 04:46:07 [warn] 1#1: the "listen ... http2" directive is deprecated, use the "http2" directive instead in /etc/nginx/nginx.conf:228
2025/09/09 04:46:07 [warn] 1#1: the "listen ... http2" directive is deprecated, use the "http2" directive instead in /etc/nginx/nginx.conf:333
2025/09/09 04:46:07 [warn] 1#1: the "listen ... http2" directive is deprecated, use the "http2" directive instead in /etc/nginx/nginx.conf:334
2025/09/09 04:46:07 [warn] 1#1: protocol options redefined for 0.0.0.0:443 in /etc/nginx/nginx.conf:363
2025/09/09 04:46:07 [warn] 1#1: protocol options redefined for [::]:443 in /etc/nginx/nginx.conf:364
2025/09/09 04:46:07 [emerg] 1#1: host not found in upstream "grafana" in /etc/nginx/nginx.conf:347
2025/09/09 04:47:14 [warn] 1#1: the "listen ... http2" directive is deprecated, use the "http2" directive instead in /etc/nginx/nginx.conf:118
2025/09/09 04:47:14 [warn] 1#1: the "listen ... http2" directive is deprecated, use the "http2" directive instead in /etc/nginx/nginx.conf:119
2025/09/09 04:47:14 [warn] 1#1: the "listen ... http2" directive is deprecated, use the "http2" directive instead in /etc/nginx/nginx.conf:227
2025/09/09 04:47:14 [warn] 1#1: the "listen ... http2" directive is deprecated, use the "http2" directive instead in /etc/nginx/nginx.conf:228
2025/09/09 04:47:14 [warn] 1#1: the "listen ... http2" directive is deprecated, use the "http2" directive instead in /etc/nginx/nginx.conf:333
2025/09/09 04:47:14 [warn] 1#1: the "listen ... http2" directive is deprecated, use the "http2" directive instead in /etc/nginx/nginx.conf:334
2025/09/09 04:47:14 [warn] 1#1: protocol options redefined for 0.0.0.0:443 in /etc/nginx/nginx.conf:363
2025/09/09 04:47:14 [warn] 1#1: protocol options redefined for [::]:443 in /etc/nginx/nginx.conf:364
2025/09/09 04:47:14 [emerg] 1#1: host not found in upstream "grafana" in /etc/nginx/nginx.conf:347
2025/09/09 04:48:20 [emerg] 1#1: host not found in upstream "backend:9000" in /etc/nginx/nginx.conf:95
2025/09/09 04:49:26 [warn] 1#1: the "listen ... http2" directive is deprecated, use the "http2" directive instead in /etc/nginx/nginx.conf:118
2025/09/09 04:49:26 [warn] 1#1: the "listen ... http2" directive is deprecated, use the "http2" directive instead in /etc/nginx/nginx.conf:119
2025/09/09 04:49:26 [warn] 1#1: the "listen ... http2" directive is deprecated, use the "http2" directive instead in /etc/nginx/nginx.conf:227
2025/09/09 04:49:26 [warn] 1#1: the "listen ... http2" directive is deprecated, use the "http2" directive instead in /etc/nginx/nginx.conf:228
2025/09/09 04:49:26 [warn] 1#1: the "listen ... http2" directive is deprecated, use the "http2" directive instead in /etc/nginx/nginx.conf:333
2025/09/09 04:49:26 [warn] 1#1: the "listen ... http2" directive is deprecated, use the "http2" directive instead in /etc/nginx/nginx.conf:334
2025/09/09 04:49:26 [warn] 1#1: protocol options redefined for 0.0.0.0:443 in /etc/nginx/nginx.conf:363
2025/09/09 04:49:26 [warn] 1#1: protocol options redefined for [::]:443 in /etc/nginx/nginx.conf:364
2025/09/09 04:49:26 [emerg] 1#1: host not found in upstream "grafana" in /etc/nginx/nginx.conf:347
2025/09/09 04:50:33 [warn] 1#1: the "listen ... http2" directive is deprecated, use the "http2" directive instead in /etc/nginx/nginx.conf:118
2025/09/09 04:50:33 [warn] 1#1: the "listen ... http2" directive is deprecated, use the "http2" directive instead in /etc/nginx/nginx.conf:119
2025/09/09 04:50:33 [warn] 1#1: the "listen ... http2" directive is deprecated, use the "http2" directive instead in /etc/nginx/nginx.conf:227
2025/09/09 04:50:33 [warn] 1#1: the "listen ... http2" directive is deprecated, use the "http2" directive instead in /etc/nginx/nginx.conf:228
2025/09/09 04:50:33 [warn] 1#1: the "listen ... http2" directive is deprecated, use the "http2" directive instead in /etc/nginx/nginx.conf:333
2025/09/09 04:50:33 [warn] 1#1: the "listen ... http2" directive is deprecated, use the "http2" directive instead in /etc/nginx/nginx.conf:334
2025/09/09 04:50:33 [warn] 1#1: protocol options redefined for 0.0.0.0:443 in /etc/nginx/nginx.conf:363
2025/09/09 04:50:33 [warn] 1#1: protocol options redefined for [::]:443 in /etc/nginx/nginx.conf:364
2025/09/09 04:50:33 [emerg] 1#1: host not found in upstream "grafana" in /etc/nginx/nginx.conf:347
2025/09/09 04:51:40 [warn] 1#1: the "listen ... http2" directive is deprecated, use the "http2" directive instead in /etc/nginx/nginx.conf:118
2025/09/09 04:51:40 [warn] 1#1: the "listen ... http2" directive is deprecated, use the "http2" directive instead in /etc/nginx/nginx.conf:119
2025/09/09 04:51:40 [warn] 1#1: the "listen ... http2" directive is deprecated, use the "http2" directive instead in /etc/nginx/nginx.conf:227
2025/09/09 04:51:40 [warn] 1#1: the "listen ... http2" directive is deprecated, use the "http2" directive instead in /etc/nginx/nginx.conf:228
2025/09/09 04:51:40 [warn] 1#1: the "listen ... http2" directive is deprecated, use the "http2" directive instead in /etc/nginx/nginx.conf:333
2025/09/09 04:51:40 [warn] 1#1: the "listen ... http2" directive is deprecated, use the "http2" directive instead in /etc/nginx/nginx.conf:334
2025/09/09 04:51:40 [warn] 1#1: protocol options redefined for 0.0.0.0:443 in /etc/nginx/nginx.conf:363
2025/09/09 04:51:40 [warn] 1#1: protocol options redefined for [::]:443 in /etc/nginx/nginx.conf:364
2025/09/09 04:51:40 [emerg] 1#1: host not found in upstream "grafana" in /etc/nginx/nginx.conf:347
2025/09/09 04:52:46 [warn] 1#1: the "listen ... http2" directive is deprecated, use the "http2" directive instead in /etc/nginx/nginx.conf:118
2025/09/09 04:52:46 [warn] 1#1: the "listen ... http2" directive is deprecated, use the "http2" directive instead in /etc/nginx/nginx.conf:119
2025/09/09 04:52:46 [warn] 1#1: the "listen ... http2" directive is deprecated, use the "http2" directive instead in /etc/nginx/nginx.conf:227
2025/09/09 04:52:46 [warn] 1#1: the "listen ... http2" directive is deprecated, use the "http2" directive instead in /etc/nginx/nginx.conf:228
2025/09/09 04:52:46 [warn] 1#1: the "listen ... http2" directive is deprecated, use the "http2" directive instead in /etc/nginx/nginx.conf:333
2025/09/09 04:52:46 [warn] 1#1: the "listen ... http2" directive is deprecated, use the "http2" directive instead in /etc/nginx/nginx.conf:334
2025/09/09 04:52:46 [warn] 1#1: protocol options redefined for 0.0.0.0:443 in /etc/nginx/nginx.conf:363
2025/09/09 04:52:46 [warn] 1#1: protocol options redefined for [::]:443 in /etc/nginx/nginx.conf:364
2025/09/09 04:52:46 [emerg] 1#1: host not found in upstream "grafana" in /etc/nginx/nginx.conf:347
2025/09/09 04:53:52 [warn] 1#1: the "listen ... http2" directive is deprecated, use the "http2" directive instead in /etc/nginx/nginx.conf:118
2025/09/09 04:53:52 [warn] 1#1: the "listen ... http2" directive is deprecated, use the "http2" directive instead in /etc/nginx/nginx.conf:119
2025/09/09 04:53:52 [warn] 1#1: the "listen ... http2" directive is deprecated, use the "http2" directive instead in /etc/nginx/nginx.conf:227
2025/09/09 04:53:52 [warn] 1#1: the "listen ... http2" directive is deprecated, use the "http2" directive instead in /etc/nginx/nginx.conf:228
2025/09/09 04:53:52 [warn] 1#1: the "listen ... http2" directive is deprecated, use the "http2" directive instead in /etc/nginx/nginx.conf:333
2025/09/09 04:53:52 [warn] 1#1: the "listen ... http2" directive is deprecated, use the "http2" directive instead in /etc/nginx/nginx.conf:334
2025/09/09 04:53:52 [warn] 1#1: protocol options redefined for 0.0.0.0:443 in /etc/nginx/nginx.conf:363
2025/09/09 04:53:52 [warn] 1#1: protocol options redefined for [::]:443 in /etc/nginx/nginx.conf:364
2025/09/09 04:53:52 [emerg] 1#1: host not found in upstream "grafana" in /etc/nginx/nginx.conf:347
2025/09/09 04:54:59 [warn] 1#1: the "listen ... http2" directive is deprecated, use the "http2" directive instead in /etc/nginx/nginx.conf:118
2025/09/09 04:54:59 [warn] 1#1: the "listen ... http2" directive is deprecated, use the "http2" directive instead in /etc/nginx/nginx.conf:119
2025/09/09 04:54:59 [warn] 1#1: the "listen ... http2" directive is deprecated, use the "http2" directive instead in /etc/nginx/nginx.conf:227
2025/09/09 04:54:59 [warn] 1#1: the "listen ... http2" directive is deprecated, use the "http2" directive instead in /etc/nginx/nginx.conf:228
2025/09/09 04:54:59 [warn] 1#1: the "listen ... http2" directive is deprecated, use the "http2" directive instead in /etc/nginx/nginx.conf:333
2025/09/09 04:54:59 [warn] 1#1: the "listen ... http2" directive is deprecated, use the "http2" directive instead in /etc/nginx/nginx.conf:334
2025/09/09 04:54:59 [warn] 1#1: protocol options redefined for 0.0.0.0:443 in /etc/nginx/nginx.conf:363
2025/09/09 04:54:59 [warn] 1#1: protocol options redefined for [::]:443 in /etc/nginx/nginx.conf:364
2025/09/09 04:54:59 [emerg] 1#1: host not found in upstream "grafana" in /etc/nginx/nginx.conf:347
2025/09/09 04:56:05 [warn] 1#1: the "listen ... http2" directive is deprecated, use the "http2" directive instead in /etc/nginx/nginx.conf:118
2025/09/09 04:56:05 [warn] 1#1: the "listen ... http2" directive is deprecated, use the "http2" directive instead in /etc/nginx/nginx.conf:119
2025/09/09 04:56:05 [warn] 1#1: the "listen ... http2" directive is deprecated, use the "http2" directive instead in /etc/nginx/nginx.conf:227
2025/09/09 04:56:05 [warn] 1#1: the "listen ... http2" directive is deprecated, use the "http2" directive instead in /etc/nginx/nginx.conf:228
2025/09/09 04:56:05 [warn] 1#1: the "listen ... http2" directive is deprecated, use the "http2" directive instead in /etc/nginx/nginx.conf:333
2025/09/09 04:56:05 [warn] 1#1: the "listen ... http2" directive is deprecated, use the "http2" directive instead in /etc/nginx/nginx.conf:334
2025/09/09 04:56:05 [warn] 1#1: protocol options redefined for 0.0.0.0:443 in /etc/nginx/nginx.conf:363
2025/09/09 04:56:05 [warn] 1#1: protocol options redefined for [::]:443 in /etc/nginx/nginx.conf:364
2025/09/09 04:56:05 [emerg] 1#1: host not found in upstream "grafana" in /etc/nginx/nginx.conf:347
2025/09/09 04:57:11 [warn] 1#1: the "listen ... http2" directive is deprecated, use the "http2" directive instead in /etc/nginx/nginx.conf:118
2025/09/09 04:57:11 [warn] 1#1: the "listen ... http2" directive is deprecated, use the "http2" directive instead in /etc/nginx/nginx.conf:119
2025/09/09 04:57:11 [warn] 1#1: the "listen ... http2" directive is deprecated, use the "http2" directive instead in /etc/nginx/nginx.conf:227
2025/09/09 04:57:11 [warn] 1#1: the "listen ... http2" directive is deprecated, use the "http2" directive instead in /etc/nginx/nginx.conf:228
2025/09/09 04:57:11 [warn] 1#1: the "listen ... http2" directive is deprecated, use the "http2" directive instead in /etc/nginx/nginx.conf:333
2025/09/09 04:57:11 [warn] 1#1: the "listen ... http2" directive is deprecated, use the "http2" directive instead in /etc/nginx/nginx.conf:334
2025/09/09 04:57:11 [warn] 1#1: protocol options redefined for 0.0.0.0:443 in /etc/nginx/nginx.conf:363
2025/09/09 04:57:11 [warn] 1#1: protocol options redefined for [::]:443 in /etc/nginx/nginx.conf:364
2025/09/09 04:57:11 [emerg] 1#1: host not found in upstream "grafana" in /etc/nginx/nginx.conf:347
2025/09/09 04:58:18 [warn] 1#1: the "listen ... http2" directive is deprecated, use the "http2" directive instead in /etc/nginx/nginx.conf:118
2025/09/09 04:58:18 [warn] 1#1: the "listen ... http2" directive is deprecated, use the "http2" directive instead in /etc/nginx/nginx.conf:119
2025/09/09 04:58:18 [warn] 1#1: the "listen ... http2" directive is deprecated, use the "http2" directive instead in /etc/nginx/nginx.conf:227
2025/09/09 04:58:18 [warn] 1#1: the "listen ... http2" directive is deprecated, use the "http2" directive instead in /etc/nginx/nginx.conf:228
2025/09/09 04:58:18 [warn] 1#1: the "listen ... http2" directive is deprecated, use the "http2" directive instead in /etc/nginx/nginx.conf:333
2025/09/09 04:58:18 [warn] 1#1: the "listen ... http2" directive is deprecated, use the "http2" directive instead in /etc/nginx/nginx.conf:334
2025/09/09 04:58:18 [warn] 1#1: protocol options redefined for 0.0.0.0:443 in /etc/nginx/nginx.conf:363
2025/09/09 04:58:18 [warn] 1#1: protocol options redefined for [::]:443 in /etc/nginx/nginx.conf:364
2025/09/09 04:58:18 [emerg] 1#1: host not found in upstream "grafana" in /etc/nginx/nginx.conf:347
2025/09/09 04:58:51 [warn] 1#1: the "listen ... http2" directive is deprecated, use the "http2" directive instead in /etc/nginx/nginx.conf:118
2025/09/09 04:58:51 [warn] 1#1: the "listen ... http2" directive is deprecated, use the "http2" directive instead in /etc/nginx/nginx.conf:119
2025/09/09 04:58:51 [warn] 1#1: the "listen ... http2" directive is deprecated, use the "http2" directive instead in /etc/nginx/nginx.conf:227
2025/09/09 04:58:51 [warn] 1#1: the "listen ... http2" directive is deprecated, use the "http2" directive instead in /etc/nginx/nginx.conf:228
2025/09/09 04:58:51 [warn] 1#1: the "listen ... http2" directive is deprecated, use the "http2" directive instead in /etc/nginx/nginx.conf:333
2025/09/09 04:58:51 [warn] 1#1: the "listen ... http2" directive is deprecated, use the "http2" directive instead in /etc/nginx/nginx.conf:334
2025/09/09 04:58:51 [warn] 1#1: protocol options redefined for 0.0.0.0:443 in /etc/nginx/nginx.conf:363
2025/09/09 04:58:51 [warn] 1#1: protocol options redefined for [::]:443 in /etc/nginx/nginx.conf:364
2025/09/09 04:58:51 [emerg] 1#1: host not found in upstream "grafana" in /etc/nginx/nginx.conf:347
2025/09/09 04:59:00 [warn] 1#1: the "listen ... http2" directive is deprecated, use the "http2" directive instead in /etc/nginx/nginx.conf:118
2025/09/09 04:59:00 [warn] 1#1: the "listen ... http2" directive is deprecated, use the "http2" directive instead in /etc/nginx/nginx.conf:119
2025/09/09 04:59:00 [warn] 1#1: the "listen ... http2" directive is deprecated, use the "http2" directive instead in /etc/nginx/nginx.conf:227
2025/09/09 04:59:00 [warn] 1#1: the "listen ... http2" directive is deprecated, use the "http2" directive instead in /etc/nginx/nginx.conf:228
2025/09/09 04:59:00 [warn] 1#1: the "listen ... http2" directive is deprecated, use the "http2" directive instead in /etc/nginx/nginx.conf:333
2025/09/09 04:59:00 [warn] 1#1: the "listen ... http2" directive is deprecated, use the "http2" directive instead in /etc/nginx/nginx.conf:334
2025/09/09 04:59:00 [warn] 1#1: protocol options redefined for 0.0.0.0:443 in /etc/nginx/nginx.conf:363
2025/09/09 04:59:00 [warn] 1#1: protocol options redefined for [::]:443 in /etc/nginx/nginx.conf:364
2025/09/09 04:59:00 [emerg] 1#1: host not found in upstream "grafana" in /etc/nginx/nginx.conf:347
2025/09/09 04:59:08 [warn] 1#1: the "listen ... http2" directive is deprecated, use the "http2" directive instead in /etc/nginx/nginx.conf:118
2025/09/09 04:59:08 [warn] 1#1: the "listen ... http2" directive is deprecated, use the "http2" directive instead in /etc/nginx/nginx.conf:119
2025/09/09 04:59:08 [warn] 1#1: the "listen ... http2" directive is deprecated, use the "http2" directive instead in /etc/nginx/nginx.conf:227
2025/09/09 04:59:08 [warn] 1#1: the "listen ... http2" directive is deprecated, use the "http2" directive instead in /etc/nginx/nginx.conf:228
2025/09/09 04:59:08 [warn] 1#1: the "listen ... http2" directive is deprecated, use the "http2" directive instead in /etc/nginx/nginx.conf:333
2025/09/09 04:59:08 [warn] 1#1: the "listen ... http2" directive is deprecated, use the "http2" directive instead in /etc/nginx/nginx.conf:334
2025/09/09 04:59:08 [warn] 1#1: protocol options redefined for 0.0.0.0:443 in /etc/nginx/nginx.conf:363
2025/09/09 04:59:08 [warn] 1#1: protocol options redefined for [::]:443 in /etc/nginx/nginx.conf:364
2025/09/09 04:59:08 [emerg] 1#1: host not found in upstream "grafana" in /etc/nginx/nginx.conf:347
2025/09/09 04:59:16 [warn] 1#1: the "listen ... http2" directive is deprecated, use the "http2" directive instead in /etc/nginx/nginx.conf:118
2025/09/09 04:59:16 [warn] 1#1: the "listen ... http2" directive is deprecated, use the "http2" directive instead in /etc/nginx/nginx.conf:119
2025/09/09 04:59:16 [warn] 1#1: the "listen ... http2" directive is deprecated, use the "http2" directive instead in /etc/nginx/nginx.conf:227
2025/09/09 04:59:16 [warn] 1#1: the "listen ... http2" directive is deprecated, use the "http2" directive instead in /etc/nginx/nginx.conf:228
2025/09/09 04:59:16 [warn] 1#1: the "listen ... http2" directive is deprecated, use the "http2" directive instead in /etc/nginx/nginx.conf:333
2025/09/09 04:59:16 [warn] 1#1: the "listen ... http2" directive is deprecated, use the "http2" directive instead in /etc/nginx/nginx.conf:334
2025/09/09 04:59:16 [warn] 1#1: protocol options redefined for 0.0.0.0:443 in /etc/nginx/nginx.conf:363
2025/09/09 04:59:16 [warn] 1#1: protocol options redefined for [::]:443 in /etc/nginx/nginx.conf:364
2025/09/09 04:59:16 [emerg] 1#1: host not found in upstream "grafana" in /etc/nginx/nginx.conf:347
2025/09/09 04:59:25 [warn] 1#1: the "listen ... http2" directive is deprecated, use the "http2" directive instead in /etc/nginx/nginx.conf:118
2025/09/09 04:59:25 [warn] 1#1: the "listen ... http2" directive is deprecated, use the "http2" directive instead in /etc/nginx/nginx.conf:119
2025/09/09 04:59:25 [warn] 1#1: the "listen ... http2" directive is deprecated, use the "http2" directive instead in /etc/nginx/nginx.conf:227
2025/09/09 04:59:25 [warn] 1#1: the "listen ... http2" directive is deprecated, use the "http2" directive instead in /etc/nginx/nginx.conf:228
2025/09/09 04:59:25 [warn] 1#1: the "listen ... http2" directive is deprecated, use the "http2" directive instead in /etc/nginx/nginx.conf:333
2025/09/09 04:59:25 [warn] 1#1: the "listen ... http2" directive is deprecated, use the "http2" directive instead in /etc/nginx/nginx.conf:334
2025/09/09 04:59:25 [warn] 1#1: protocol options redefined for 0.0.0.0:443 in /etc/nginx/nginx.conf:363
2025/09/09 04:59:25 [warn] 1#1: protocol options redefined for [::]:443 in /etc/nginx/nginx.conf:364
2025/09/09 04:59:25 [emerg] 1#1: host not found in upstream "grafana" in /etc/nginx/nginx.conf:347
2025/09/09 04:59:33 [warn] 1#1: the "listen ... http2" directive is deprecated, use the "http2" directive instead in /etc/nginx/nginx.conf:118
2025/09/09 04:59:33 [warn] 1#1: the "listen ... http2" directive is deprecated, use the "http2" directive instead in /etc/nginx/nginx.conf:119
2025/09/09 04:59:33 [warn] 1#1: the "listen ... http2" directive is deprecated, use the "http2" directive instead in /etc/nginx/nginx.conf:227
2025/09/09 04:59:33 [warn] 1#1: the "listen ... http2" directive is deprecated, use the "http2" directive instead in /etc/nginx/nginx.conf:228
2025/09/09 04:59:33 [warn] 1#1: the "listen ... http2" directive is deprecated, use the "http2" directive instead in /etc/nginx/nginx.conf:333
2025/09/09 04:59:33 [warn] 1#1: the "listen ... http2" directive is deprecated, use the "http2" directive instead in /etc/nginx/nginx.conf:334
2025/09/09 04:59:33 [warn] 1#1: protocol options redefined for 0.0.0.0:443 in /etc/nginx/nginx.conf:363
2025/09/09 04:59:33 [warn] 1#1: protocol options redefined for [::]:443 in /etc/nginx/nginx.conf:364
2025/09/09 04:59:33 [emerg] 1#1: host not found in upstream "grafana" in /etc/nginx/nginx.conf:347
2025/09/09 04:59:41 [warn] 1#1: the "listen ... http2" directive is deprecated, use the "http2" directive instead in /etc/nginx/nginx.conf:118
2025/09/09 04:59:41 [warn] 1#1: the "listen ... http2" directive is deprecated, use the "http2" directive instead in /etc/nginx/nginx.conf:119
2025/09/09 04:59:41 [warn] 1#1: the "listen ... http2" directive is deprecated, use the "http2" directive instead in /etc/nginx/nginx.conf:227
2025/09/09 04:59:41 [warn] 1#1: the "listen ... http2" directive is deprecated, use the "http2" directive instead in /etc/nginx/nginx.conf:228
2025/09/09 04:59:41 [warn] 1#1: the "listen ... http2" directive is deprecated, use the "http2" directive instead in /etc/nginx/nginx.conf:333
2025/09/09 04:59:41 [warn] 1#1: the "listen ... http2" directive is deprecated, use the "http2" directive instead in /etc/nginx/nginx.conf:334
2025/09/09 04:59:41 [warn] 1#1: protocol options redefined for 0.0.0.0:443 in /etc/nginx/nginx.conf:363
2025/09/09 04:59:41 [warn] 1#1: protocol options redefined for [::]:443 in /etc/nginx/nginx.conf:364
2025/09/09 04:59:41 [emerg] 1#1: host not found in upstream "grafana" in /etc/nginx/nginx.conf:347
2025/09/09 04:59:54 [warn] 1#1: the "listen ... http2" directive is deprecated, use the "http2" directive instead in /etc/nginx/nginx.conf:118
2025/09/09 04:59:54 [warn] 1#1: the "listen ... http2" directive is deprecated, use the "http2" directive instead in /etc/nginx/nginx.conf:119
2025/09/09 04:59:54 [warn] 1#1: the "listen ... http2" directive is deprecated, use the "http2" directive instead in /etc/nginx/nginx.conf:227
2025/09/09 04:59:54 [warn] 1#1: the "listen ... http2" directive is deprecated, use the "http2" directive instead in /etc/nginx/nginx.conf:228
2025/09/09 04:59:54 [warn] 1#1: the "listen ... http2" directive is deprecated, use the "http2" directive instead in /etc/nginx/nginx.conf:333
2025/09/09 04:59:54 [warn] 1#1: the "listen ... http2" directive is deprecated, use the "http2" directive instead in /etc/nginx/nginx.conf:334
2025/09/09 04:59:54 [warn] 1#1: protocol options redefined for 0.0.0.0:443 in /etc/nginx/nginx.conf:363
2025/09/09 04:59:54 [warn] 1#1: protocol options redefined for [::]:443 in /etc/nginx/nginx.conf:364
2025/09/09 04:59:54 [emerg] 1#1: host not found in upstream "grafana" in /etc/nginx/nginx.conf:347
2025/09/09 05:00:12 [warn] 1#1: the "listen ... http2" directive is deprecated, use the "http2" directive instead in /etc/nginx/nginx.conf:118
2025/09/09 05:00:12 [warn] 1#1: the "listen ... http2" directive is deprecated, use the "http2" directive instead in /etc/nginx/nginx.conf:119
2025/09/09 05:00:12 [warn] 1#1: the "listen ... http2" directive is deprecated, use the "http2" directive instead in /etc/nginx/nginx.conf:227
2025/09/09 05:00:12 [warn] 1#1: the "listen ... http2" directive is deprecated, use the "http2" directive instead in /etc/nginx/nginx.conf:228
2025/09/09 05:00:12 [warn] 1#1: the "listen ... http2" directive is deprecated, use the "http2" directive instead in /etc/nginx/nginx.conf:333
2025/09/09 05:00:12 [warn] 1#1: the "listen ... http2" directive is deprecated, use the "http2" directive instead in /etc/nginx/nginx.conf:334
2025/09/09 05:00:12 [warn] 1#1: protocol options redefined for 0.0.0.0:443 in /etc/nginx/nginx.conf:363
2025/09/09 05:00:12 [warn] 1#1: protocol options redefined for [::]:443 in /etc/nginx/nginx.conf:364
2025/09/09 05:00:12 [emerg] 1#1: host not found in upstream "grafana" in /etc/nginx/nginx.conf:347
2025/09/09 05:00:43 [warn] 1#1: the "listen ... http2" directive is deprecated, use the "http2" directive instead in /etc/nginx/nginx.conf:118
2025/09/09 05:00:43 [warn] 1#1: the "listen ... http2" directive is deprecated, use the "http2" directive instead in /etc/nginx/nginx.conf:119
2025/09/09 05:00:43 [warn] 1#1: the "listen ... http2" directive is deprecated, use the "http2" directive instead in /etc/nginx/nginx.conf:227
2025/09/09 05:00:43 [warn] 1#1: the "listen ... http2" directive is deprecated, use the "http2" directive instead in /etc/nginx/nginx.conf:228
2025/09/09 05:00:43 [warn] 1#1: the "listen ... http2" directive is deprecated, use the "http2" directive instead in /etc/nginx/nginx.conf:333
2025/09/09 05:00:43 [warn] 1#1: the "listen ... http2" directive is deprecated, use the "http2" directive instead in /etc/nginx/nginx.conf:334
2025/09/09 05:00:43 [warn] 1#1: protocol options redefined for 0.0.0.0:443 in /etc/nginx/nginx.conf:363
2025/09/09 05:00:43 [warn] 1#1: protocol options redefined for [::]:443 in /etc/nginx/nginx.conf:364
2025/09/09 05:00:43 [emerg] 1#1: host not found in upstream "grafana" in /etc/nginx/nginx.conf:347
2025/09/09 05:01:26 [warn] 1#1: the "listen ... http2" directive is deprecated, use the "http2" directive instead in /etc/nginx/nginx.conf:118
2025/09/09 05:01:26 [warn] 1#1: the "listen ... http2" directive is deprecated, use the "http2" directive instead in /etc/nginx/nginx.conf:119
2025/09/09 05:01:26 [warn] 1#1: the "listen ... http2" directive is deprecated, use the "http2" directive instead in /etc/nginx/nginx.conf:227
2025/09/09 05:01:26 [warn] 1#1: the "listen ... http2" directive is deprecated, use the "http2" directive instead in /etc/nginx/nginx.conf:228
2025/09/09 05:01:26 [warn] 1#1: protocol options redefined for 0.0.0.0:443 in /etc/nginx/nginx.conf:363
2025/09/09 05:01:26 [warn] 1#1: protocol options redefined for [::]:443 in /etc/nginx/nginx.conf:364
2025/09/09 05:01:26 [emerg] 1#1: cannot load certificate "/etc/nginx/ssl/shipmentapp.com.crt": BIO_new_file() failed (SSL: error:80000002:system library::No such file or directory:calling fopen(/etc/nginx/ssl/shipmentapp.com.crt, r) error:10000080:BIO routines::no such file)
2025/09/09 05:01:27 [warn] 1#1: the "listen ... http2" directive is deprecated, use the "http2" directive instead in /etc/nginx/nginx.conf:118
2025/09/09 05:01:27 [warn] 1#1: the "listen ... http2" directive is deprecated, use the "http2" directive instead in /etc/nginx/nginx.conf:119
2025/09/09 05:01:27 [warn] 1#1: the "listen ... http2" directive is deprecated, use the "http2" directive instead in /etc/nginx/nginx.conf:227
2025/09/09 05:01:27 [warn] 1#1: the "listen ... http2" directive is deprecated, use the "http2" directive instead in /etc/nginx/nginx.conf:228
2025/09/09 05:01:27 [warn] 1#1: protocol options redefined for 0.0.0.0:443 in /etc/nginx/nginx.conf:363
2025/09/09 05:01:27 [warn] 1#1: protocol options redefined for [::]:443 in /etc/nginx/nginx.conf:364
2025/09/09 05:01:27 [emerg] 1#1: cannot load certificate "/etc/nginx/ssl/shipmentapp.com.crt": BIO_new_file() failed (SSL: error:80000002:system library::No such file or directory:calling fopen(/etc/nginx/ssl/shipmentapp.com.crt, r) error:10000080:BIO routines::no such file)
2025/09/09 05:01:27 [warn] 1#1: the "listen ... http2" directive is deprecated, use the "http2" directive instead in /etc/nginx/nginx.conf:118
2025/09/09 05:01:27 [warn] 1#1: the "listen ... http2" directive is deprecated, use the "http2" directive instead in /etc/nginx/nginx.conf:119
2025/09/09 05:01:27 [warn] 1#1: the "listen ... http2" directive is deprecated, use the "http2" directive instead in /etc/nginx/nginx.conf:227
2025/09/09 05:01:27 [warn] 1#1: the "listen ... http2" directive is deprecated, use the "http2" directive instead in /etc/nginx/nginx.conf:228
2025/09/09 05:01:27 [warn] 1#1: protocol options redefined for 0.0.0.0:443 in /etc/nginx/nginx.conf:363
2025/09/09 05:01:27 [warn] 1#1: protocol options redefined for [::]:443 in /etc/nginx/nginx.conf:364
2025/09/09 05:01:27 [emerg] 1#1: cannot load certificate "/etc/nginx/ssl/shipmentapp.com.crt": BIO_new_file() failed (SSL: error:80000002:system library::No such file or directory:calling fopen(/etc/nginx/ssl/shipmentapp.com.crt, r) error:10000080:BIO routines::no such file)
2025/09/09 05:01:28 [warn] 1#1: the "listen ... http2" directive is deprecated, use the "http2" directive instead in /etc/nginx/nginx.conf:118
2025/09/09 05:01:28 [warn] 1#1: the "listen ... http2" directive is deprecated, use the "http2" directive instead in /etc/nginx/nginx.conf:119
2025/09/09 05:01:28 [warn] 1#1: the "listen ... http2" directive is deprecated, use the "http2" directive instead in /etc/nginx/nginx.conf:227
2025/09/09 05:01:28 [warn] 1#1: the "listen ... http2" directive is deprecated, use the "http2" directive instead in /etc/nginx/nginx.conf:228
2025/09/09 05:01:28 [warn] 1#1: protocol options redefined for 0.0.0.0:443 in /etc/nginx/nginx.conf:363
2025/09/09 05:01:28 [warn] 1#1: protocol options redefined for [::]:443 in /etc/nginx/nginx.conf:364
2025/09/09 05:01:28 [emerg] 1#1: cannot load certificate "/etc/nginx/ssl/shipmentapp.com.crt": BIO_new_file() failed (SSL: error:80000002:system library::No such file or directory:calling fopen(/etc/nginx/ssl/shipmentapp.com.crt, r) error:10000080:BIO routines::no such file)
2025/09/09 05:01:29 [warn] 1#1: the "listen ... http2" directive is deprecated, use the "http2" directive instead in /etc/nginx/nginx.conf:118
2025/09/09 05:01:29 [warn] 1#1: the "listen ... http2" directive is deprecated, use the "http2" directive instead in /etc/nginx/nginx.conf:119
2025/09/09 05:01:29 [warn] 1#1: the "listen ... http2" directive is deprecated, use the "http2" directive instead in /etc/nginx/nginx.conf:227
2025/09/09 05:01:29 [warn] 1#1: the "listen ... http2" directive is deprecated, use the "http2" directive instead in /etc/nginx/nginx.conf:228
2025/09/09 05:01:29 [warn] 1#1: protocol options redefined for 0.0.0.0:443 in /etc/nginx/nginx.conf:363
2025/09/09 05:01:29 [warn] 1#1: protocol options redefined for [::]:443 in /etc/nginx/nginx.conf:364
2025/09/09 05:01:29 [emerg] 1#1: cannot load certificate "/etc/nginx/ssl/shipmentapp.com.crt": BIO_new_file() failed (SSL: error:80000002:system library::No such file or directory:calling fopen(/etc/nginx/ssl/shipmentapp.com.crt, r) error:10000080:BIO routines::no such file)
2025/09/09 05:01:31 [warn] 1#1: the "listen ... http2" directive is deprecated, use the "http2" directive instead in /etc/nginx/nginx.conf:118
2025/09/09 05:01:31 [warn] 1#1: the "listen ... http2" directive is deprecated, use the "http2" directive instead in /etc/nginx/nginx.conf:119
2025/09/09 05:01:31 [warn] 1#1: the "listen ... http2" directive is deprecated, use the "http2" directive instead in /etc/nginx/nginx.conf:227
2025/09/09 05:01:31 [warn] 1#1: the "listen ... http2" directive is deprecated, use the "http2" directive instead in /etc/nginx/nginx.conf:228
2025/09/09 05:01:31 [warn] 1#1: protocol options redefined for 0.0.0.0:443 in /etc/nginx/nginx.conf:363
2025/09/09 05:01:31 [warn] 1#1: protocol options redefined for [::]:443 in /etc/nginx/nginx.conf:364
2025/09/09 05:01:31 [emerg] 1#1: cannot load certificate "/etc/nginx/ssl/shipmentapp.com.crt": BIO_new_file() failed (SSL: error:80000002:system library::No such file or directory:calling fopen(/etc/nginx/ssl/shipmentapp.com.crt, r) error:10000080:BIO routines::no such file)
2025/09/09 05:01:35 [warn] 1#1: the "listen ... http2" directive is deprecated, use the "http2" directive instead in /etc/nginx/nginx.conf:118
2025/09/09 05:01:35 [warn] 1#1: the "listen ... http2" directive is deprecated, use the "http2" directive instead in /etc/nginx/nginx.conf:119
2025/09/09 05:01:35 [warn] 1#1: the "listen ... http2" directive is deprecated, use the "http2" directive instead in /etc/nginx/nginx.conf:227
2025/09/09 05:01:35 [warn] 1#1: the "listen ... http2" directive is deprecated, use the "http2" directive instead in /etc/nginx/nginx.conf:228
2025/09/09 05:01:35 [warn] 1#1: protocol options redefined for 0.0.0.0:443 in /etc/nginx/nginx.conf:363
2025/09/09 05:01:35 [warn] 1#1: protocol options redefined for [::]:443 in /etc/nginx/nginx.conf:364
2025/09/09 05:01:35 [emerg] 1#1: cannot load certificate "/etc/nginx/ssl/shipmentapp.com.crt": BIO_new_file() failed (SSL: error:80000002:system library::No such file or directory:calling fopen(/etc/nginx/ssl/shipmentapp.com.crt, r) error:10000080:BIO routines::no such file)
2025/09/09 05:01:41 [warn] 1#1: the "listen ... http2" directive is deprecated, use the "http2" directive instead in /etc/nginx/nginx.conf:118
2025/09/09 05:01:41 [warn] 1#1: the "listen ... http2" directive is deprecated, use the "http2" directive instead in /etc/nginx/nginx.conf:119
2025/09/09 05:01:41 [warn] 1#1: the "listen ... http2" directive is deprecated, use the "http2" directive instead in /etc/nginx/nginx.conf:227
2025/09/09 05:01:41 [warn] 1#1: the "listen ... http2" directive is deprecated, use the "http2" directive instead in /etc/nginx/nginx.conf:228
2025/09/09 05:01:41 [warn] 1#1: protocol options redefined for 0.0.0.0:443 in /etc/nginx/nginx.conf:363
2025/09/09 05:01:41 [warn] 1#1: protocol options redefined for [::]:443 in /etc/nginx/nginx.conf:364
2025/09/09 05:01:41 [emerg] 1#1: cannot load certificate "/etc/nginx/ssl/shipmentapp.com.crt": BIO_new_file() failed (SSL: error:80000002:system library::No such file or directory:calling fopen(/etc/nginx/ssl/shipmentapp.com.crt, r) error:10000080:BIO routines::no such file)
2025/09/09 05:01:54 [warn] 1#1: the "listen ... http2" directive is deprecated, use the "http2" directive instead in /etc/nginx/nginx.conf:118
2025/09/09 05:01:54 [warn] 1#1: the "listen ... http2" directive is deprecated, use the "http2" directive instead in /etc/nginx/nginx.conf:119
2025/09/09 05:01:54 [warn] 1#1: the "listen ... http2" directive is deprecated, use the "http2" directive instead in /etc/nginx/nginx.conf:227
2025/09/09 05:01:54 [warn] 1#1: the "listen ... http2" directive is deprecated, use the "http2" directive instead in /etc/nginx/nginx.conf:228
2025/09/09 05:01:54 [warn] 1#1: protocol options redefined for 0.0.0.0:443 in /etc/nginx/nginx.conf:363
2025/09/09 05:01:54 [warn] 1#1: protocol options redefined for [::]:443 in /etc/nginx/nginx.conf:364
2025/09/09 05:01:54 [emerg] 1#1: cannot load certificate "/etc/nginx/ssl/shipmentapp.com.crt": BIO_new_file() failed (SSL: error:80000002:system library::No such file or directory:calling fopen(/etc/nginx/ssl/shipmentapp.com.crt, r) error:10000080:BIO routines::no such file)
2025/09/09 05:02:21 [warn] 1#1: the "listen ... http2" directive is deprecated, use the "http2" directive instead in /etc/nginx/nginx.conf:118
2025/09/09 05:02:21 [warn] 1#1: the "listen ... http2" directive is deprecated, use the "http2" directive instead in /etc/nginx/nginx.conf:119
2025/09/09 05:02:21 [warn] 1#1: the "listen ... http2" directive is deprecated, use the "http2" directive instead in /etc/nginx/nginx.conf:227
2025/09/09 05:02:21 [warn] 1#1: the "listen ... http2" directive is deprecated, use the "http2" directive instead in /etc/nginx/nginx.conf:228
2025/09/09 05:02:21 [warn] 1#1: protocol options redefined for 0.0.0.0:443 in /etc/nginx/nginx.conf:363
2025/09/09 05:02:21 [warn] 1#1: protocol options redefined for [::]:443 in /etc/nginx/nginx.conf:364
2025/09/09 05:02:21 [emerg] 1#1: cannot load certificate "/etc/nginx/ssl/shipmentapp.com.crt": BIO_new_file() failed (SSL: error:80000002:system library::No such file or directory:calling fopen(/etc/nginx/ssl/shipmentapp.com.crt, r) error:10000080:BIO routines::no such file)
2025/09/09 08:40:36 [error] 32#32: *3 recv() failed (104: Connection reset by peer) while reading response header from upstream, client: 172.20.0.1, server: localhost, request: "GET /api/health HTTP/1.1", upstream: "http://172.20.0.4:9000/api/health", host: "localhost:8080"
2025/09/09 08:56:08 [error] 41#41: *27 recv() failed (104: Connection reset by peer) while reading response header from upstream, client: 172.20.0.1, server: localhost, request: "POST /api/auth/login HTTP/1.1", upstream: "http://172.20.0.4:9000/api/auth/login", host: "localhost:8080"
2025/09/09 09:13:32 [error] 30#30: *29 recv() failed (104: Connection reset by peer) while reading response header from upstream, client: 172.20.0.1, server: localhost, request: "POST /api/auth/login HTTP/1.1", upstream: "http://172.20.0.4:9000/api/auth/login", host: "localhost:8080"
2025/09/09 09:15:28 [error] 42#42: *31 recv() failed (104: Connection reset by peer) while reading response header from upstream, client: 172.20.0.1, server: localhost, request: "GET /api/health HTTP/1.1", upstream: "http://172.20.0.4:9000/api/health", host: "localhost:8080"
2025/09/09 10:40:46 [emerg] 972#972: host not found in upstream "backend:80" in /etc/nginx/nginx.conf:28
2025/09/09 10:41:18 [emerg] 978#978: host not found in upstream "backend:80" in /etc/nginx/nginx.conf:28
2025/09/09 10:41:49 [emerg] 984#984: host not found in upstream "backend:80" in /etc/nginx/nginx.conf:28
2025/09/09 10:42:20 [emerg] 990#990: host not found in upstream "backend:80" in /etc/nginx/nginx.conf:28
2025/09/09 10:42:52 [emerg] 996#996: host not found in upstream "backend:80" in /etc/nginx/nginx.conf:28
2025/09/09 10:43:22 [emerg] 1002#1002: host not found in upstream "backend:80" in /etc/nginx/nginx.conf:28
2025/09/09 10:43:53 [emerg] 1008#1008: host not found in upstream "backend:80" in /etc/nginx/nginx.conf:28
2025/09/09 10:44:25 [emerg] 1014#1014: host not found in upstream "backend:80" in /etc/nginx/nginx.conf:28
2025/09/09 10:44:56 [emerg] 1020#1020: host not found in upstream "backend:80" in /etc/nginx/nginx.conf:28
2025/09/09 10:45:28 [emerg] 1026#1026: host not found in upstream "backend:80" in /etc/nginx/nginx.conf:28
2025/09/09 10:45:59 [emerg] 1031#1031: host not found in upstream "backend:80" in /etc/nginx/nginx.conf:28
2025/09/09 10:46:30 [emerg] 1037#1037: host not found in upstream "backend:80" in /etc/nginx/nginx.conf:28
2025/09/09 10:47:02 [emerg] 1043#1043: host not found in upstream "backend:80" in /etc/nginx/nginx.conf:28
2025/09/09 10:47:33 [emerg] 1049#1049: host not found in upstream "backend:80" in /etc/nginx/nginx.conf:28
2025/09/09 10:48:04 [emerg] 1055#1055: host not found in upstream "backend:80" in /etc/nginx/nginx.conf:28
2025/09/09 10:48:36 [emerg] 1061#1061: host not found in upstream "backend:80" in /etc/nginx/nginx.conf:28
2025/09/09 10:49:07 [emerg] 1067#1067: host not found in upstream "backend:80" in /etc/nginx/nginx.conf:28
2025/09/09 10:49:38 [emerg] 1073#1073: host not found in upstream "backend:80" in /etc/nginx/nginx.conf:28
2025/09/09 10:50:09 [emerg] 1079#1079: host not found in upstream "backend:80" in /etc/nginx/nginx.conf:28
2025/09/09 10:50:41 [emerg] 1085#1085: host not found in upstream "backend:80" in /etc/nginx/nginx.conf:28
2025/09/09 10:51:12 [emerg] 1091#1091: host not found in upstream "backend:80" in /etc/nginx/nginx.conf:28
